<?xml version="1.0" encoding="UTF-8"?>
<testng-results ignored="0" total="1" passed="1" failed="0" skipped="0">
  <reporter-output>
  </reporter-output>
  <suite started-at="2024-06-01T07:08:48Z" name="Surefire suite" finished-at="2024-06-01T07:08:48Z" duration-ms="37">
    <groups>
    </groups>
    <test started-at="2024-06-01T07:08:48Z" name="Surefire test" finished-at="2024-06-01T07:08:48Z" duration-ms="37">
      <class name="pac.CreateContact">
        <test-method signature="Test()[pri:0, instance:pac.CreateContact@4c40b76e]" started-at="2024-06-01T07:08:48Z" name="Test" finished-at="2024-06-01T07:08:48Z" duration-ms="11" status="PASS">
          <reporter-output>
          </reporter-output>
        </test-method> <!-- Test -->
      </class> <!-- pac.CreateContact -->
    </test> <!-- Surefire test -->
  </suite> <!-- Surefire suite -->
</testng-results>
